<?xml version="1.0" encoding="UTF-8"?>
<testng-results skipped="0" failed="0" ignored="0" total="1" passed="1">
  <reporter-output>
  </reporter-output>
  <suite name="Suite" duration-ms="19212" started-at="2021-07-19T04:33:58Z" finished-at="2021-07-19T04:34:17Z">
    <groups>
    </groups>
    <test name="Test" duration-ms="19212" started-at="2021-07-19T04:33:58Z" finished-at="2021-07-19T04:34:17Z">
      <class name="jenkins.JenkinsDemo.JenkinsDemo">
        <test-method status="PASS" signature="LaunchApp()[pri:0, instance:jenkins.JenkinsDemo.JenkinsDemo@1efee8e7]" name="LaunchApp" duration-ms="19185" started-at="2021-07-19T04:33:58Z" finished-at="2021-07-19T04:34:17Z">
          <reporter-output>
          </reporter-output>
        </test-method> <!-- LaunchApp -->
      </class> <!-- jenkins.JenkinsDemo.JenkinsDemo -->
    </test> <!-- Test -->
  </suite> <!-- Suite -->
</testng-results>
